cockroach/proguard/seeds.txt
gark.tap.cockroach.GameActivity
gark.tap.cockroach.GameActivity: GameActivity()
gark.tap.cockroach.LaunchActivity1: void onClick(android.view.View)
gark.tap.cockroach.MainActivity
gark.tap.cockroach.MainActivity: MainActivity()
gark.tap.cockroach.R$bool: int ga_autoActivityTracking
gark.tap.cockroach.R$bool: int ga_reportUncaughtExceptions
gark.tap.cockroach.R$color: int grey
gark.tap.cockroach.R$drawable: int btn_bg
gark.tap.cockroach.R$drawable: int btn_bg_1
gark.tap.cockroach.R$drawable: int btn_bg_2
gark.tap.cockroach.R$drawable: int btn_bg_main_menu
gark.tap.cockroach.R$drawable: int btn_bg_main_menu_1
gark.tap.cockroach.R$drawable: int btn_bg_main_menu_2
gark.tap.cockroach.R$drawable: int game_over_bg
gark.tap.cockroach.R$drawable: int ic_launcher
gark.tap.cockroach.R$drawable: int icon
gark.tap.cockroach.R$drawable: int icon_cockroach
gark.tap.cockroach.R$drawable: int icon_roach1
gark.tap.cockroach.R$drawable: int icon_roach2
gark.tap.cockroach.R$drawable: int list_selector
gark.tap.cockroach.R$drawable: int list_selector_tem
gark.tap.cockroach.R$drawable: int main_bg
gark.tap.cockroach.R$drawable: int roach_icon
gark.tap.cockroach.R$drawable: int single_bat
gark.tap.cockroach.R$drawable: int single_big_lady
gark.tap.cockroach.R$drawable: int single_bous
gark.tap.cockroach.R$drawable: int single_bug
gark.tap.cockroach.R$drawable: int single_cockroach
gark.tap.cockroach.R$drawable: int single_cockroach_medic
gark.tap.cockroach.R$drawable: int single_fly
gark.tap.cockroach.R$drawable: int single_grey
gark.tap.cockroach.R$drawable: int single_hands_up
gark.tap.cockroach.R$drawable: int single_health
gark.tap.cockroach.R$drawable: int single_larva
gark.tap.cockroach.R$drawable: int single_small_lady
gark.tap.cockroach.R$drawable: int single_spider
gark.tap.cockroach.R$drawable: int sound_selector
gark.tap.cockroach.R$id: int adView
gark.tap.cockroach.R$id: int attention
gark.tap.cockroach.R$id: int btn_continue
gark.tap.cockroach.R$id: int btn_instruction
gark.tap.cockroach.R$id: int btn_open_more
gark.tap.cockroach.R$id: int btn_remove_ads
gark.tap.cockroach.R$id: int btn_start
gark.tap.cockroach.R$id: int close
gark.tap.cockroach.R$id: int dead_count
gark.tap.cockroach.R$id: int dead_image
gark.tap.cockroach.R$id: int game_over
gark.tap.cockroach.R$id: int game_over_layout
gark.tap.cockroach.R$id: int highScore
gark.tap.cockroach.R$id: int list_statistic
gark.tap.cockroach.R$id: int menu_settings
gark.tap.cockroach.R$id: int pause_layout
gark.tap.cockroach.R$id: int quit
gark.tap.cockroach.R$id: int resume
gark.tap.cockroach.R$id: int score_value
gark.tap.cockroach.R$id: int sound_swither
gark.tap.cockroach.R$id: int start_layout
gark.tap.cockroach.R$id: int statistic_title
gark.tap.cockroach.R$id: int text_1
gark.tap.cockroach.R$id: int text_2
gark.tap.cockroach.R$id: int text_3
gark.tap.cockroach.R$id: int text_4
gark.tap.cockroach.R$id: int text_5
gark.tap.cockroach.R$id: int text_6
gark.tap.cockroach.R$id: int text_7
gark.tap.cockroach.R$id: int try_again
gark.tap.cockroach.R$id: int vawe_number
gark.tap.cockroach.R$layout: int activity_main
gark.tap.cockroach.R$layout: int game_over
gark.tap.cockroach.R$layout: int game_over_list_item
gark.tap.cockroach.R$layout: int pause_layout
gark.tap.cockroach.R$layout: int tips
gark.tap.cockroach.R$layout: int vawe
gark.tap.cockroach.R$menu: int activity_main
...
org.andengine.engine.options.WakeLockOptions: org.andengine.engine.options.WakeLockOptions[] values()
org.andengine.engine.options.WakeLockOptions: org.andengine.engine.options.WakeLockOptions valueOf(java.lang.String)
org.andengine.entity.primitive.DrawMode: org.andengine.entity.primitive.DrawMode[] values()
org.andengine.entity.primitive.DrawMode: org.andengine.entity.primitive.DrawMode valueOf(java.lang.String)
org.andengine.entity.sprite.ButtonSprite$State: org.andengine.entity.sprite.ButtonSprite$State[] values()
org.andengine.entity.sprite.ButtonSprite$State: org.andengine.entity.sprite.ButtonSprite$State valueOf(java.lang.String)
org.andengine.entity.text.AutoWrap: org.andengine.entity.text.AutoWrap[] values()
org.andengine.entity.text.AutoWrap: org.andengine.entity.text.AutoWrap valueOf(java.lang.String)
org.andengine.input.sensor.SensorDelay: org.andengine.input.sensor.SensorDelay[] values()
org.andengine.input.sensor.SensorDelay: org.andengine.input.sensor.SensorDelay valueOf(java.lang.String)
org.andengine.input.sensor.location.LocationProviderStatus: org.andengine.input.sensor.location.LocationProviderStatus[] values()
org.andengine.input.sensor.location.LocationProviderStatus: org.andengine.input.sensor.location.LocationProviderStatus valueOf(java.lang.String)
org.andengine.input.sensor.location.LocationSensorOptions
org.andengine.opengl.GLES20Fix
org.andengine.opengl.GLES20Fix: void glVertexAttribPointer(int,int,int,boolean,int,int)
org.andengine.opengl.GLES20Fix: void glDrawElements(int,int,int,int)
org.andengine.opengl.font.FontUtils$MeasureDirection: org.andengine.opengl.font.FontUtils$MeasureDirection[] values()
org.andengine.opengl.font.FontUtils$MeasureDirection: org.andengine.opengl.font.FontUtils$MeasureDirection valueOf(java.lang.String)
org.andengine.opengl.texture.PixelFormat: org.andengine.opengl.texture.PixelFormat[] values()
org.andengine.opengl.texture.PixelFormat: org.andengine.opengl.texture.PixelFormat valueOf(java.lang.String)
org.andengine.opengl.texture.atlas.bitmap.source.decorator.LinearGradientFillBitmapTextureAtlasSourceDecorator$LinearGradientDirection: org.andengine.opengl.texture.atlas.bitmap.source.decorator.LinearGradientFillBitmapTextureAtlasSourceDecorator$LinearGradientDirection[] values()
org.andengine.opengl.texture.atlas.bitmap.source.decorator.LinearGradientFillBitmapTextureAtlasSourceDecorator$LinearGradientDirection: org.andengine.opengl.texture.atlas.bitmap.source.decorator.LinearGradientFillBitmapTextureAtlasSourceDecorator$LinearGradientDirection valueOf(java.lang.String)
org.andengine.opengl.texture.atlas.bitmap.source.decorator.RadialGradientFillBitmapTextureAtlasSourceDecorator$RadialGradientDirection: org.andengine.opengl.texture.atlas.bitmap.source.decorator.RadialGradientFillBitmapTextureAtlasSourceDecorator$RadialGradientDirection[] values()
org.andengine.opengl.texture.atlas.bitmap.source.decorator.RadialGradientFillBitmapTextureAtlasSourceDecorator$RadialGradientDirection: org.andengine.opengl.texture.atlas.bitmap.source.decorator.RadialGradientFillBitmapTextureAtlasSourceDecorator$RadialGradientDirection valueOf(java.lang.String)
org.andengine.opengl.texture.bitmap.BitmapTextureFormat: org.andengine.opengl.texture.bitmap.BitmapTextureFormat[] values()
org.andengine.opengl.texture.bitmap.BitmapTextureFormat: org.andengine.opengl.texture.bitmap.BitmapTextureFormat valueOf(java.lang.String)
org.andengine.opengl.texture.compressed.pvr.PVRCCZTexture$CCZCompressionFormat: org.andengine.opengl.texture.compressed.pvr.PVRCCZTexture$CCZCompressionFormat[] values()
org.andengine.opengl.texture.compressed.pvr.PVRCCZTexture$CCZCompressionFormat: org.andengine.opengl.texture.compressed.pvr.PVRCCZTexture$CCZCompressionFormat valueOf(java.lang.String)