cockroach/proguard/mapping.txt
gark.tap.cockroach.Config -> gark.tap.cockroach.a:
    int ETALON_WIDTH -> a
    float SCALE -> b
    float SPEED -> c
    int CAMERA_WIDTH -> d
    int CAMERA_HEIGHT -> e
gark.tap.cockroach.GameActivity -> gark.tap.cockroach.GameActivity:
    gark.tap.cockroach.mathengine.MathEngine mMathEngine -> i
    boolean isAdsVisible -> j
    com.gark.android.billing.util.IabHelper mHelper -> k
    com.gark.android.billing.util.IabHelper$QueryInventoryFinishedListener mGotInventoryListener -> a
    com.gark.android.billing.util.IabHelper$OnIabPurchaseFinishedListener mPurchaseFinishedListener -> b
    com.gark.android.billing.util.IabHelper$OnConsumeFinishedListener mConsumeFinishedListener -> c
    void onCreateScene(org.andengine.ui.IGameInterface$OnCreateSceneCallback) -> a
    boolean isAdsVisible() -> a
    void setAdsVisible(boolean) -> a
    void disableAds() -> b
    void onActivityResult(int,int,android.content.Intent) -> onActivityResult
    boolean verifyDeveloperPayload(com.gark.android.billing.util.Purchase) -> a
    void onBackPressed() -> onBackPressed
    void onDestroy() -> onDestroy
    void onPause() -> onPause
    void onStart() -> onStart
    void onStop() -> onStop
    gark.tap.cockroach.mathengine.MathEngine access$0(gark.tap.cockroach.GameActivity) -> a
    com.gark.android.billing.util.IabHelper access$1(gark.tap.cockroach.GameActivity) -> b
gark.tap.cockroach.GameActivity$1 -> gark.tap.cockroach.b:
    gark.tap.cockroach.GameActivity this$0 -> a
    void onQueryInventoryFinished(com.gark.android.billing.util.IabResult,com.gark.android.billing.util.Inventory) -> a
gark.tap.cockroach.GameActivity$2 -> gark.tap.cockroach.c:
    gark.tap.cockroach.GameActivity this$0 -> a
    void onIabPurchaseFinished(com.gark.android.billing.util.IabResult,com.gark.android.billing.util.Purchase) -> a
gark.tap.cockroach.GameActivity$3 -> gark.tap.cockroach.d:
    gark.tap.cockroach.GameActivity this$0 -> a
gark.tap.cockroach.GameActivity$4 -> gark.tap.cockroach.e:
    gark.tap.cockroach.GameActivity this$0 -> a
    void onIabSetupFinished(com.gark.android.billing.util.IabResult) -> a
gark.tap.cockroach.MainActivity -> gark.tap.cockroach.MainActivity:
    org.andengine.engine.options.EngineOptions engineOptions -> d
    org.andengine.engine.camera.Camera mCamera -> e
    gark.tap.cockroach.ResourceManager mResourceManager -> f
    org.andengine.entity.scene.Scene mScene -> a
    org.andengine.engine.options.EngineOptions onCreateEngineOptions() -> c
    void onCreateResources(org.andengine.ui.IGameInterface$OnCreateResourcesCallback) -> a
    void onCreateScene(org.andengine.ui.IGameInterface$OnCreateSceneCallback) -> a
    void onPopulateScene(org.andengine.entity.scene.Scene,org.andengine.ui.IGameInterface$OnPopulateSceneCallback) -> a
    gark.tap.cockroach.ResourceManager getResourceManager() -> d
    org.andengine.engine.camera.Camera getCamera() -> e
    org.andengine.entity.scene.Scene getScene() -> f
...
org.andengine.input.touch.TouchEvent -> org.andengine.input.a.a:
    org.andengine.input.touch.TouchEvent$TouchEventPool TOUCHEVENT_POOL -> f
    int mPointerID -> a
    float mX -> b
    float mY -> c
    int mAction -> d
    android.view.MotionEvent mMotionEvent -> e
    org.andengine.input.touch.TouchEvent obtain(float,float,int,int,android.view.MotionEvent) -> a
    void set(float,float,int,int,android.view.MotionEvent) -> b
    void recycle() -> a
    float getX() -> b
    float getY() -> c
    void set(float,float) -> a
    void offset(float,float) -> b
    int getPointerID() -> d
    int getAction() -> e
    boolean isActionDown() -> f
    boolean isActionMove() -> g
    android.view.MotionEvent getMotionEvent() -> h
org.andengine.input.touch.TouchEvent$TouchEventPool -> org.andengine.input.a.b:
    org.andengine.input.touch.TouchEvent onAllocatePoolItem() -> a
    java.lang.Object onAllocatePoolItem() -> b
org.andengine.input.touch.controller.BaseTouchController -> org.andengine.input.a.a.a:
    org.andengine.input.touch.controller.ITouchEventCallback mTouchEventCallback -> a
    org.andengine.util.adt.pool.RunnablePoolUpdateHandler mTouchEventRunnablePoolUpdateHandler -> b
    void setTouchEventCallback(org.andengine.input.touch.controller.ITouchEventCallback) -> a
    void reset() -> l
    void onUpdate(float) -> a_
    void fireTouchEvent(float,float,int,int,android.view.MotionEvent) -> a
    org.andengine.input.touch.controller.ITouchEventCallback access$0(org.andengine.input.touch.controller.BaseTouchController) -> a
org.andengine.input.touch.controller.BaseTouchController$1 -> org.andengine.input.a.a.b:
    org.andengine.input.touch.controller.BaseTouchController this$0 -> a
    org.andengine.input.touch.controller.BaseTouchController$TouchEventRunnablePoolItem onAllocatePoolItem() -> a
    org.andengine.util.adt.pool.RunnablePoolItem onAllocatePoolItem() -> b
org.andengine.input.touch.controller.BaseTouchController$TouchEventRunnablePoolItem -> org.andengine.input.a.a.c:
    org.andengine.input.touch.TouchEvent mTouchEvent -> d
    org.andengine.input.touch.controller.BaseTouchController this$0 -> a
    void set(org.andengine.input.touch.TouchEvent) -> a
    void run() -> run
    void onRecycle() -> a
org.andengine.input.touch.controller.ITouchController -> org.andengine.input.a.a.d:
    void setTouchEventCallback(org.andengine.input.touch.controller.ITouchEventCallback) -> a
    void onHandleMotionEvent(android.view.MotionEvent) -> a
org.andengine.input.touch.controller.ITouchEventCallback -> org.andengine.input.a.a.e:
    boolean onTouchEvent(org.andengine.input.touch.TouchEvent) -> a
org.andengine.input.touch.controller.MultiTouchController -> org.andengine.input.a.a.f:
    void onHandleMotionEvent(android.view.MotionEvent) -> a
    void onHandleTouchMove(android.view.MotionEvent) -> b
    void onHandleTouchAction(int,android.view.MotionEvent) -> a
    int getPointerIndex(android.view.MotionEvent) -> c
org.andengine.input.touch.controller.SingleTouchController -> org.andengine.input.a.a.g:
    void onHandleMotionEvent(android.view.MotionEvent) -> a
org.andengine.opengl.GLES20Fix -> org.andengine.opengl.GLES20Fix:
    boolean NATIVE_LIB_LOADED -> a
    boolean WORKAROUND_MISSING_GLES20_METHODS -> b
    void glVertexAttribPointer(int,int,int,boolean,int,int) -> glVertexAttribPointer