cockroach/proguard/usage.txt
gark.tap.cockroach.BuildConfig
gark.tap.cockroach.Config:
    public static final int INIT_SPEED
    public static final int HEALTH_SCORE
    public static final java.lang.String HEALTH
    public static final java.lang.String SCORE
    public static final float CONTROL_MARGIN
    3:3:public Config()
gark.tap.cockroach.GameActivity:
    private static final java.lang.String TAG
    private static final java.lang.String SKU_ADS
    static final int RC_REQUEST
gark.tap.cockroach.GameActivity$3:
    204:210:public void onConsumeFinished(com.gark.android.billing.util.Purchase,com.gark.android.billing.util.IabResult)
gark.tap.cockroach.LaunchActivity
gark.tap.cockroach.LaunchActivity1
gark.tap.cockroach.LaunchActivity1$1
gark.tap.cockroach.R
gark.tap.cockroach.R$attr
gark.tap.cockroach.R$bool
gark.tap.cockroach.R$color
gark.tap.cockroach.R$drawable
gark.tap.cockroach.R$id
gark.tap.cockroach.R$layout
gark.tap.cockroach.R$menu
gark.tap.cockroach.R$string
gark.tap.cockroach.R$style
gark.tap.cockroach.ResourceManager:
    private org.andengine.opengl.texture.region.TiledTextureRegion mSpider
    private org.andengine.opengl.texture.region.TiledTextureRegion mHeartAnimated
    private org.andengine.opengl.texture.region.TiledTextureRegion mPlane
    private org.andengine.opengl.texture.region.TiledTextureRegion mGreyCockroach
    private org.andengine.opengl.texture.region.TiledTextureRegion mBigCockroach
    private org.andengine.opengl.texture.region.TiledTextureRegion mLagyBug
    private org.andengine.opengl.texture.region.TiledTextureRegion mLagySmall
    private org.andengine.opengl.texture.region.TiledTextureRegion mCockroachFly
    private org.andengine.opengl.texture.region.TiledTextureRegion mCockroachHandsUP_1
    private org.andengine.opengl.texture.region.TiledTextureRegion mBug
    private org.andengine.opengl.texture.region.TiledTextureRegion mSmoke
    private org.andengine.opengl.texture.region.TiledTextureRegion mLarva
    private org.andengine.opengl.texture.region.TiledTextureRegion mCockroachLavra
    private org.andengine.opengl.texture.region.TextureRegion mRedCircleMedecine
    private org.andengine.opengl.texture.region.TextureRegion mRedCross
    private org.andengine.opengl.texture.region.TextureRegion mNimbus
    private org.andengine.opengl.texture.region.TextureRegion mDeadDefault
    private org.andengine.opengl.texture.region.TextureRegion mDeadLarva
    private org.andengine.opengl.texture.region.TextureRegion mDeadFly
gark.tap.cockroach.TipsManager$ViewHolder
gark.tap.cockroach.levels.LevelGenerator:
    public static final int LEVEL_COUNT
    public static final int LEVEL_COUNT_COMPOSITE
    13:13:public LevelGenerator()
    64:65:public static void clearList(java.util.Queue)
gark.tap.cockroach.levels.LevelManager$MyArrayList:
    private static final long serialVersionUID
gark.tap.cockroach.levels.LevelManager$MyLinkedList:
    private static final long serialVersionUID
gark.tap.cockroach.mathengine.ConfigObject
gark.tap.cockroach.mathengine.GameOverManager:
    public static final int DELAY
    private org.andengine.entity.sprite.AnimatedSprite sprite
    79:86:public void finishBat(float,float)
    117:127:public void finishLadyBug(float,float)
gark.tap.cockroach.mathengine.HeartManager:
    34:34:public int getLiveCount()
gark.tap.cockroach.mathengine.MathEngine:
    public static final int UPDATE_PERIOD
    363:364:public void setLastUpdateScene(long)
    375:375:public org.andengine.entity.scene.Scene getStartScene()
gark.tap.cockroach.mathengine.Utils:
    private static final java.lang.String PREFS_HIDH_SCORE
    private static final java.lang.String SOUND
    private static final java.lang.String CONTINUE
    16:16:public Utils()
    34:34:public static int generateRandomPositiveInt(int)
...
org.andengine.entity.TagEntityMatcher
org.andengine.entity.ZIndexSorter:
    62:63:public void sort(org.andengine.entity.IEntity[])
    66:67:public void sort(org.andengine.entity.IEntity[],int,int)
    74:75:public void sort(java.util.List,int,int)
    78:79:public void sort(org.andengine.util.adt.list.IList)
    82:83:public void sort(org.andengine.util.adt.list.IList,int,int)
org.andengine.entity.modifier.AlphaModifier
org.andengine.entity.modifier.CardinalSplineMoveModifier
org.andengine.entity.modifier.CardinalSplineMoveModifier$CardinalSplineMoveModifierConfig
org.andengine.entity.modifier.CatmullRomSplineMoveModifier
org.andengine.entity.modifier.CatmullRomSplineMoveModifier$CatmullRomMoveModifierConfig
org.andengine.entity.modifier.ColorModifier
org.andengine.entity.modifier.CubicBezierCurveMoveModifier
org.andengine.entity.modifier.DelayModifier
org.andengine.entity.modifier.DoubleValueChangeEntityModifier
org.andengine.entity.modifier.DoubleValueSpanEntityModifier:
    28:29:public DoubleValueSpanEntityModifier(float,float,float,float,float)
    32:33:public DoubleValueSpanEntityModifier(float,float,float,float,float,org.andengine.util.modifier.ease.IEaseFunction)
    36:37:public DoubleValueSpanEntityModifier(float,float,float,float,float,org.andengine.entity.modifier.IEntityModifier$IEntityModifierListener)
    44:45:protected DoubleValueSpanEntityModifier(org.andengine.entity.modifier.DoubleValueSpanEntityModifier)
org.andengine.entity.modifier.DurationEntityModifier
org.andengine.entity.modifier.EntityModifier
org.andengine.entity.modifier.EntityModifierList:
    private static final long serialVersionUID
    29:30:public EntityModifierList(org.andengine.entity.IEntity)
org.andengine.entity.modifier.FadeInModifier
org.andengine.entity.modifier.FadeOutModifier
org.andengine.entity.modifier.IEntityModifier:
    public abstract org.andengine.entity.modifier.IEntityModifier deepCopy()
org.andengine.entity.modifier.IEntityModifier$IEntityModifierMatcher
org.andengine.entity.modifier.JumpModifier
org.andengine.entity.modifier.LoopEntityModifier
org.andengine.entity.modifier.LoopEntityModifier$ILoopEntityModifierListener
org.andengine.entity.modifier.MoveByModifier
org.andengine.entity.modifier.MoveModifier:
    28:29:public MoveModifier(float,float,float,float,float)
    36:37:public MoveModifier(float,float,float,float,float,org.andengine.entity.modifier.IEntityModifier$IEntityModifierListener)
    44:45:protected MoveModifier(org.andengine.entity.modifier.MoveModifier)
    49:49:public org.andengine.entity.modifier.MoveModifier deepCopy()
    1:1:public bridge synthetic org.andengine.entity.modifier.IEntityModifier deepCopy()
    1:1:public bridge synthetic org.andengine.util.modifier.IModifier deepCopy()
org.andengine.entity.modifier.MoveXModifier
org.andengine.entity.modifier.MoveYModifier
org.andengine.entity.modifier.ParallelEntityModifier
org.andengine.entity.modifier.PathModifier
org.andengine.entity.modifier.PathModifier$1
org.andengine.entity.modifier.PathModifier$2
org.andengine.entity.modifier.PathModifier$IPathModifierListener
org.andengine.entity.modifier.PathModifier$Path
org.andengine.entity.modifier.QuadraticBezierCurveMoveModifier
org.andengine.entity.modifier.RotationAtModifier
org.andengine.entity.modifier.RotationByModifier
org.andengine.entity.modifier.RotationModifier
org.andengine.entity.modifier.ScaleAtModifier
org.andengine.entity.modifier.ScaleModifier
org.andengine.entity.modifier.SequenceEntityModifier
org.andengine.entity.modifier.SequenceEntityModifier$ISubSequenceShapeModifierListener
org.andengine.entity.modifier.SingleValueChangeEntityModifier
org.andengine.entity.modifier.SingleValueSpanEntityModifier
org.andengine.entity.modifier.SkewModifier
org.andengine.entity.modifier.SkewXModifier
org.andengine.entity.modifier.SkewYModifier
org.andengine.entity.modifier.TripleValueSpanEntityModifier
org.andengine.entity.particle.BatchedPseudoSpriteParticleSystem